<?xml version="1.0" encoding="UTF-8"?>
<!-- Generated by org.testng.reporters.JUnitReportReporter -->
<testsuite hostname="svp-HP-Pavilion-Laptop-14-dv2xxx" failures="0" tests="4" name="org.apache.maven.ScientificCalculatorTest" time="0.009" errors="0" timestamp="2024-02-22T14:57:54 IST" skipped="0">
  <testcase classname="org.apache.maven.ScientificCalculatorTest" name="testNaturalLogarithm" time="0.001"/>
  <testcase classname="org.apache.maven.ScientificCalculatorTest" name="testFactorial" time="0.007"/>
  <testcase classname="org.apache.maven.ScientificCalculatorTest" name="testPower" time="0.001"/>
  <testcase classname="org.apache.maven.ScientificCalculatorTest" name="testSquareRoot" time="0.000"/>
</testsuite> <!-- org.apache.maven.ScientificCalculatorTest -->
